[24-Oct-2022 14:39:28 UTC] PHP Warning:  include(E:\xampp\htdocs\wordpress/wp-content/themes/amisincludes/enqueue.php): failed to open stream: No such file or directory in E:\xampp\htdocs\wordpress\wp-content\themes\amis\functions.php on line 7
[24-Oct-2022 14:39:28 UTC] PHP Warning:  include(): Failed opening 'E:\xampp\htdocs\wordpress/wp-content/themes/amisincludes/enqueue.php' for inclusion (include_path='E:\xampp\php\PEAR') in E:\xampp\htdocs\wordpress\wp-content\themes\amis\functions.php on line 7
[24-Oct-2022 14:39:28 UTC] PHP Warning:  call_user_func_array() expects parameter 1 to be a valid callback, function 'amis_enqueue' not found or invalid function name in E:\xampp\htdocs\wordpress\wp-includes\class-wp-hook.php on line 307
[24-Oct-2022 14:39:28 UTC] PHP Warning:  include(E:\xampp\htdocs\wordpress/wp-content/themes/amisincludes/enqueue.php): failed to open stream: No such file or directory in E:\xampp\htdocs\wordpress\wp-content\themes\amis\functions.php on line 7
[24-Oct-2022 14:39:28 UTC] PHP Warning:  include(): Failed opening 'E:\xampp\htdocs\wordpress/wp-content/themes/amisincludes/enqueue.php' for inclusion (include_path='E:\xampp\php\PEAR') in E:\xampp\htdocs\wordpress\wp-content\themes\amis\functions.php on line 7
[24-Oct-2022 14:39:28 UTC] PHP Warning:  include(E:\xampp\htdocs\wordpress/wp-content/themes/amisincludes/enqueue.php): failed to open stream: No such file or directory in E:\xampp\htdocs\wordpress\wp-content\themes\amis\functions.php on line 7
[24-Oct-2022 14:39:28 UTC] PHP Warning:  include(): Failed opening 'E:\xampp\htdocs\wordpress/wp-content/themes/amisincludes/enqueue.php' for inclusion (include_path='E:\xampp\php\PEAR') in E:\xampp\htdocs\wordpress\wp-content\themes\amis\functions.php on line 7
[24-Oct-2022 14:39:28 UTC] PHP Warning:  include(E:\xampp\htdocs\wordpress/wp-content/themes/amisincludes/enqueue.php): failed to open stream: No such file or directory in E:\xampp\htdocs\wordpress\wp-content\themes\amis\functions.php on line 7
[24-Oct-2022 14:39:28 UTC] PHP Warning:  include(): Failed opening 'E:\xampp\htdocs\wordpress/wp-content/themes/amisincludes/enqueue.php' for inclusion (include_path='E:\xampp\php\PEAR') in E:\xampp\htdocs\wordpress\wp-content\themes\amis\functions.php on line 7
[24-Oct-2022 14:39:29 UTC] PHP Warning:  include(E:\xampp\htdocs\wordpress/wp-content/themes/amisincludes/enqueue.php): failed to open stream: No such file or directory in E:\xampp\htdocs\wordpress\wp-content\themes\amis\functions.php on line 7
[24-Oct-2022 14:39:29 UTC] PHP Warning:  include(): Failed opening 'E:\xampp\htdocs\wordpress/wp-content/themes/amisincludes/enqueue.php' for inclusion (include_path='E:\xampp\php\PEAR') in E:\xampp\htdocs\wordpress\wp-content\themes\amis\functions.php on line 7
[24-Oct-2022 14:39:29 UTC] PHP Warning:  include(E:\xampp\htdocs\wordpress/wp-content/themes/amisincludes/enqueue.php): failed to open stream: No such file or directory in E:\xampp\htdocs\wordpress\wp-content\themes\amis\functions.php on line 7
[24-Oct-2022 14:39:29 UTC] PHP Warning:  include(): Failed opening 'E:\xampp\htdocs\wordpress/wp-content/themes/amisincludes/enqueue.php' for inclusion (include_path='E:\xampp\php\PEAR') in E:\xampp\htdocs\wordpress\wp-content\themes\amis\functions.php on line 7
[24-Oct-2022 14:39:29 UTC] PHP Warning:  include(E:\xampp\htdocs\wordpress/wp-content/themes/amisincludes/enqueue.php): failed to open stream: No such file or directory in E:\xampp\htdocs\wordpress\wp-content\themes\amis\functions.php on line 7
[24-Oct-2022 14:39:29 UTC] PHP Warning:  include(): Failed opening 'E:\xampp\htdocs\wordpress/wp-content/themes/amisincludes/enqueue.php' for inclusion (include_path='E:\xampp\php\PEAR') in E:\xampp\htdocs\wordpress\wp-content\themes\amis\functions.php on line 7
[24-Oct-2022 14:39:29 UTC] PHP Warning:  call_user_func_array() expects parameter 1 to be a valid callback, function 'amis_enqueue' not found or invalid function name in E:\xampp\htdocs\wordpress\wp-includes\class-wp-hook.php on line 307
[24-Oct-2022 14:39:29 UTC] PHP Warning:  call_user_func_array() expects parameter 1 to be a valid callback, function 'amis_enqueue' not found or invalid function name in E:\xampp\htdocs\wordpress\wp-includes\class-wp-hook.php on line 307
[24-Oct-2022 14:39:29 UTC] PHP Warning:  call_user_func_array() expects parameter 1 to be a valid callback, function 'amis_enqueue' not found or invalid function name in E:\xampp\htdocs\wordpress\wp-includes\class-wp-hook.php on line 307
[24-Oct-2022 14:39:29 UTC] PHP Warning:  call_user_func_array() expects parameter 1 to be a valid callback, function 'amis_enqueue' not found or invalid function name in E:\xampp\htdocs\wordpress\wp-includes\class-wp-hook.php on line 307
[24-Oct-2022 14:39:29 UTC] PHP Warning:  call_user_func_array() expects parameter 1 to be a valid callback, function 'amis_enqueue' not found or invalid function name in E:\xampp\htdocs\wordpress\wp-includes\class-wp-hook.php on line 307
[24-Oct-2022 14:39:29 UTC] PHP Warning:  call_user_func_array() expects parameter 1 to be a valid callback, function 'amis_enqueue' not found or invalid function name in E:\xampp\htdocs\wordpress\wp-includes\class-wp-hook.php on line 307
[24-Oct-2022 14:39:29 UTC] PHP Warning:  include(E:\xampp\htdocs\wordpress/wp-content/themes/amisincludes/enqueue.php): failed to open stream: No such file or directory in E:\xampp\htdocs\wordpress\wp-content\themes\amis\functions.php on line 7
[24-Oct-2022 14:39:29 UTC] PHP Warning:  include(): Failed opening 'E:\xampp\htdocs\wordpress/wp-content/themes/amisincludes/enqueue.php' for inclusion (include_path='E:\xampp\php\PEAR') in E:\xampp\htdocs\wordpress\wp-content\themes\amis\functions.php on line 7
[24-Oct-2022 14:39:29 UTC] PHP Warning:  include(E:\xampp\htdocs\wordpress/wp-content/themes/amisincludes/enqueue.php): failed to open stream: No such file or directory in E:\xampp\htdocs\wordpress\wp-content\themes\amis\functions.php on line 7
[24-Oct-2022 14:39:29 UTC] PHP Warning:  include(): Failed opening 'E:\xampp\htdocs\wordpress/wp-content/themes/amisincludes/enqueue.php' for inclusion (include_path='E:\xampp\php\PEAR') in E:\xampp\htdocs\wordpress\wp-content\themes\amis\functions.php on line 7
[24-Oct-2022 14:39:29 UTC] PHP Warning:  include(E:\xampp\htdocs\wordpress/wp-content/themes/amisincludes/enqueue.php): failed to open stream: No such file or directory in E:\xampp\htdocs\wordpress\wp-content\themes\amis\functions.php on line 7
[24-Oct-2022 14:39:29 UTC] PHP Warning:  include(): Failed opening 'E:\xampp\htdocs\wordpress/wp-content/themes/amisincludes/enqueue.php' for inclusion (include_path='E:\xampp\php\PEAR') in E:\xampp\htdocs\wordpress\wp-content\themes\amis\functions.php on line 7
[24-Oct-2022 14:39:29 UTC] PHP Warning:  include(E:\xampp\htdocs\wordpress/wp-content/themes/amisincludes/enqueue.php): failed to open stream: No such file or directory in E:\xampp\htdocs\wordpress\wp-content\themes\amis\functions.php on line 7
[24-Oct-2022 14:39:29 UTC] PHP Warning:  include(): Failed opening 'E:\xampp\htdocs\wordpress/wp-content/themes/amisincludes/enqueue.php' for inclusion (include_path='E:\xampp\php\PEAR') in E:\xampp\htdocs\wordpress\wp-content\themes\amis\functions.php on line 7
[24-Oct-2022 14:39:29 UTC] PHP Warning:  include(E:\xampp\htdocs\wordpress/wp-content/themes/amisincludes/enqueue.php): failed to open stream: No such file or directory in E:\xampp\htdocs\wordpress\wp-content\themes\amis\functions.php on line 7
[24-Oct-2022 14:39:29 UTC] PHP Warning:  include(): Failed opening 'E:\xampp\htdocs\wordpress/wp-content/themes/amisincludes/enqueue.php' for inclusion (include_path='E:\xampp\php\PEAR') in E:\xampp\htdocs\wordpress\wp-content\themes\amis\functions.php on line 7
[24-Oct-2022 14:39:29 UTC] PHP Warning:  call_user_func_array() expects parameter 1 to be a valid callback, function 'amis_enqueue' not found or invalid function name in E:\xampp\htdocs\wordpress\wp-includes\class-wp-hook.php on line 307
[24-Oct-2022 14:39:29 UTC] PHP Warning:  call_user_func_array() expects parameter 1 to be a valid callback, function 'amis_enqueue' not found or invalid function name in E:\xampp\htdocs\wordpress\wp-includes\class-wp-hook.php on line 307
[24-Oct-2022 14:39:29 UTC] PHP Warning:  call_user_func_array() expects parameter 1 to be a valid callback, function 'amis_enqueue' not found or invalid function name in E:\xampp\htdocs\wordpress\wp-includes\class-wp-hook.php on line 307
[24-Oct-2022 14:39:29 UTC] PHP Warning:  call_user_func_array() expects parameter 1 to be a valid callback, function 'amis_enqueue' not found or invalid function name in E:\xampp\htdocs\wordpress\wp-includes\class-wp-hook.php on line 307
[24-Oct-2022 14:39:30 UTC] PHP Warning:  include(E:\xampp\htdocs\wordpress/wp-content/themes/amisincludes/enqueue.php): failed to open stream: No such file or directory in E:\xampp\htdocs\wordpress\wp-content\themes\amis\functions.php on line 7
[24-Oct-2022 14:39:30 UTC] PHP Warning:  include(): Failed opening 'E:\xampp\htdocs\wordpress/wp-content/themes/amisincludes/enqueue.php' for inclusion (include_path='E:\xampp\php\PEAR') in E:\xampp\htdocs\wordpress\wp-content\themes\amis\functions.php on line 7
[24-Oct-2022 14:39:30 UTC] PHP Warning:  call_user_func_array() expects parameter 1 to be a valid callback, function 'amis_enqueue' not found or invalid function name in E:\xampp\htdocs\wordpress\wp-includes\class-wp-hook.php on line 307
[24-Oct-2022 14:39:30 UTC] PHP Warning:  call_user_func_array() expects parameter 1 to be a valid callback, function 'amis_enqueue' not found or invalid function name in E:\xampp\htdocs\wordpress\wp-includes\class-wp-hook.php on line 307
[24-Oct-2022 14:39:30 UTC] PHP Warning:  include(E:\xampp\htdocs\wordpress/wp-content/themes/amisincludes/enqueue.php): failed to open stream: No such file or directory in E:\xampp\htdocs\wordpress\wp-content\themes\amis\functions.php on line 7
[24-Oct-2022 14:39:30 UTC] PHP Warning:  include(): Failed opening 'E:\xampp\htdocs\wordpress/wp-content/themes/amisincludes/enqueue.php' for inclusion (include_path='E:\xampp\php\PEAR') in E:\xampp\htdocs\wordpress\wp-content\themes\amis\functions.php on line 7
[24-Oct-2022 14:39:30 UTC] PHP Warning:  include(E:\xampp\htdocs\wordpress/wp-content/themes/amisincludes/enqueue.php): failed to open stream: No such file or directory in E:\xampp\htdocs\wordpress\wp-content\themes\amis\functions.php on line 7
[24-Oct-2022 14:39:30 UTC] PHP Warning:  include(): Failed opening 'E:\xampp\htdocs\wordpress/wp-content/themes/amisincludes/enqueue.php' for inclusion (include_path='E:\xampp\php\PEAR') in E:\xampp\htdocs\wordpress\wp-content\themes\amis\functions.php on line 7
[24-Oct-2022 14:39:30 UTC] PHP Warning:  include(E:\xampp\htdocs\wordpress/wp-content/themes/amisincludes/enqueue.php): failed to open stream: No such file or directory in E:\xampp\htdocs\wordpress\wp-content\themes\amis\functions.php on line 7
[24-Oct-2022 14:39:30 UTC] PHP Warning:  include(): Failed opening 'E:\xampp\htdocs\wordpress/wp-content/themes/amisincludes/enqueue.php' for inclusion (include_path='E:\xampp\php\PEAR') in E:\xampp\htdocs\wordpress\wp-content\themes\amis\functions.php on line 7
[24-Oct-2022 14:39:30 UTC] PHP Warning:  include(E:\xampp\htdocs\wordpress/wp-content/themes/amisincludes/enqueue.php): failed to open stream: No such file or directory in E:\xampp\htdocs\wordpress\wp-content\themes\amis\functions.php on line 7
[24-Oct-2022 14:39:30 UTC] PHP Warning:  include(): Failed opening 'E:\xampp\htdocs\wordpress/wp-content/themes/amisincludes/enqueue.php' for inclusion (include_path='E:\xampp\php\PEAR') in E:\xampp\htdocs\wordpress\wp-content\themes\amis\functions.php on line 7
[24-Oct-2022 14:39:30 UTC] PHP Warning:  call_user_func_array() expects parameter 1 to be a valid callback, function 'amis_enqueue' not found or invalid function name in E:\xampp\htdocs\wordpress\wp-includes\class-wp-hook.php on line 307
[24-Oct-2022 14:39:30 UTC] PHP Warning:  include(E:\xampp\htdocs\wordpress/wp-content/themes/amisincludes/enqueue.php): failed to open stream: No such file or directory in E:\xampp\htdocs\wordpress\wp-content\themes\amis\functions.php on line 7
[24-Oct-2022 14:39:30 UTC] PHP Warning:  include(): Failed opening 'E:\xampp\htdocs\wordpress/wp-content/themes/amisincludes/enqueue.php' for inclusion (include_path='E:\xampp\php\PEAR') in E:\xampp\htdocs\wordpress\wp-content\themes\amis\functions.php on line 7
[24-Oct-2022 14:39:30 UTC] PHP Warning:  call_user_func_array() expects parameter 1 to be a valid callback, function 'amis_enqueue' not found or invalid function name in E:\xampp\htdocs\wordpress\wp-includes\class-wp-hook.php on line 307
[24-Oct-2022 14:39:30 UTC] PHP Warning:  include(E:\xampp\htdocs\wordpress/wp-content/themes/amisincludes/enqueue.php): failed to open stream: No such file or directory in E:\xampp\htdocs\wordpress\wp-content\themes\amis\functions.php on line 7
[24-Oct-2022 14:39:30 UTC] PHP Warning:  include(): Failed opening 'E:\xampp\htdocs\wordpress/wp-content/themes/amisincludes/enqueue.php' for inclusion (include_path='E:\xampp\php\PEAR') in E:\xampp\htdocs\wordpress\wp-content\themes\amis\functions.php on line 7
[24-Oct-2022 14:39:30 UTC] PHP Warning:  call_user_func_array() expects parameter 1 to be a valid callback, function 'amis_enqueue' not found or invalid function name in E:\xampp\htdocs\wordpress\wp-includes\class-wp-hook.php on line 307
[24-Oct-2022 14:39:30 UTC] PHP Warning:  call_user_func_array() expects parameter 1 to be a valid callback, function 'amis_enqueue' not found or invalid function name in E:\xampp\htdocs\wordpress\wp-includes\class-wp-hook.php on line 307
[24-Oct-2022 14:39:30 UTC] PHP Warning:  call_user_func_array() expects parameter 1 to be a valid callback, function 'amis_enqueue' not found or invalid function name in E:\xampp\htdocs\wordpress\wp-includes\class-wp-hook.php on line 307
[24-Oct-2022 14:39:30 UTC] PHP Warning:  call_user_func_array() expects parameter 1 to be a valid callback, function 'amis_enqueue' not found or invalid function name in E:\xampp\htdocs\wordpress\wp-includes\class-wp-hook.php on line 307
[24-Oct-2022 14:39:30 UTC] PHP Warning:  include(E:\xampp\htdocs\wordpress/wp-content/themes/amisincludes/enqueue.php): failed to open stream: No such file or directory in E:\xampp\htdocs\wordpress\wp-content\themes\amis\functions.php on line 7
[24-Oct-2022 14:39:30 UTC] PHP Warning:  include(): Failed opening 'E:\xampp\htdocs\wordpress/wp-content/themes/amisincludes/enqueue.php' for inclusion (include_path='E:\xampp\php\PEAR') in E:\xampp\htdocs\wordpress\wp-content\themes\amis\functions.php on line 7
[24-Oct-2022 14:39:30 UTC] PHP Warning:  include(E:\xampp\htdocs\wordpress/wp-content/themes/amisincludes/enqueue.php): failed to open stream: No such file or directory in E:\xampp\htdocs\wordpress\wp-content\themes\amis\functions.php on line 7
[24-Oct-2022 14:39:30 UTC] PHP Warning:  include(): Failed opening 'E:\xampp\htdocs\wordpress/wp-content/themes/amisincludes/enqueue.php' for inclusion (include_path='E:\xampp\php\PEAR') in E:\xampp\htdocs\wordpress\wp-content\themes\amis\functions.php on line 7
[24-Oct-2022 14:39:31 UTC] PHP Warning:  call_user_func_array() expects parameter 1 to be a valid callback, function 'amis_enqueue' not found or invalid function name in E:\xampp\htdocs\wordpress\wp-includes\class-wp-hook.php on line 307
[24-Oct-2022 14:39:31 UTC] PHP Warning:  include(E:\xampp\htdocs\wordpress/wp-content/themes/amisincludes/enqueue.php): failed to open stream: No such file or directory in E:\xampp\htdocs\wordpress\wp-content\themes\amis\functions.php on line 7
[24-Oct-2022 14:39:31 UTC] PHP Warning:  include(): Failed opening 'E:\xampp\htdocs\wordpress/wp-content/themes/amisincludes/enqueue.php' for inclusion (include_path='E:\xampp\php\PEAR') in E:\xampp\htdocs\wordpress\wp-content\themes\amis\functions.php on line 7
[24-Oct-2022 14:39:31 UTC] PHP Warning:  call_user_func_array() expects parameter 1 to be a valid callback, function 'amis_enqueue' not found or invalid function name in E:\xampp\htdocs\wordpress\wp-includes\class-wp-hook.php on line 307
[24-Oct-2022 14:39:31 UTC] PHP Warning:  include(E:\xampp\htdocs\wordpress/wp-content/themes/amisincludes/enqueue.php): failed to open stream: No such file or directory in E:\xampp\htdocs\wordpress\wp-content\themes\amis\functions.php on line 7
[24-Oct-2022 14:39:31 UTC] PHP Warning:  include(): Failed opening 'E:\xampp\htdocs\wordpress/wp-content/themes/amisincludes/enqueue.php' for inclusion (include_path='E:\xampp\php\PEAR') in E:\xampp\htdocs\wordpress\wp-content\themes\amis\functions.php on line 7
[24-Oct-2022 14:39:31 UTC] PHP Warning:  include(E:\xampp\htdocs\wordpress/wp-content/themes/amisincludes/enqueue.php): failed to open stream: No such file or directory in E:\xampp\htdocs\wordpress\wp-content\themes\amis\functions.php on line 7
[24-Oct-2022 14:39:31 UTC] PHP Warning:  include(): Failed opening 'E:\xampp\htdocs\wordpress/wp-content/themes/amisincludes/enqueue.php' for inclusion (include_path='E:\xampp\php\PEAR') in E:\xampp\htdocs\wordpress\wp-content\themes\amis\functions.php on line 7
[24-Oct-2022 14:39:31 UTC] PHP Warning:  call_user_func_array() expects parameter 1 to be a valid callback, function 'amis_enqueue' not found or invalid function name in E:\xampp\htdocs\wordpress\wp-includes\class-wp-hook.php on line 307
[24-Oct-2022 14:39:31 UTC] PHP Warning:  include(E:\xampp\htdocs\wordpress/wp-content/themes/amisincludes/enqueue.php): failed to open stream: No such file or directory in E:\xampp\htdocs\wordpress\wp-content\themes\amis\functions.php on line 7
[24-Oct-2022 14:39:31 UTC] PHP Warning:  include(): Failed opening 'E:\xampp\htdocs\wordpress/wp-content/themes/amisincludes/enqueue.php' for inclusion (include_path='E:\xampp\php\PEAR') in E:\xampp\htdocs\wordpress\wp-content\themes\amis\functions.php on line 7
[24-Oct-2022 14:39:31 UTC] PHP Warning:  call_user_func_array() expects parameter 1 to be a valid callback, function 'amis_enqueue' not found or invalid function name in E:\xampp\htdocs\wordpress\wp-includes\class-wp-hook.php on line 307
[24-Oct-2022 14:39:31 UTC] PHP Warning:  call_user_func_array() expects parameter 1 to be a valid callback, function 'amis_enqueue' not found or invalid function name in E:\xampp\htdocs\wordpress\wp-includes\class-wp-hook.php on line 307
[24-Oct-2022 14:39:31 UTC] PHP Warning:  include(E:\xampp\htdocs\wordpress/wp-content/themes/amisincludes/enqueue.php): failed to open stream: No such file or directory in E:\xampp\htdocs\wordpress\wp-content\themes\amis\functions.php on line 7
[24-Oct-2022 14:39:31 UTC] PHP Warning:  include(): Failed opening 'E:\xampp\htdocs\wordpress/wp-content/themes/amisincludes/enqueue.php' for inclusion (include_path='E:\xampp\php\PEAR') in E:\xampp\htdocs\wordpress\wp-content\themes\amis\functions.php on line 7
[24-Oct-2022 14:39:31 UTC] PHP Warning:  call_user_func_array() expects parameter 1 to be a valid callback, function 'amis_enqueue' not found or invalid function name in E:\xampp\htdocs\wordpress\wp-includes\class-wp-hook.php on line 307
[24-Oct-2022 14:39:31 UTC] PHP Warning:  call_user_func_array() expects parameter 1 to be a valid callback, function 'amis_enqueue' not found or invalid function name in E:\xampp\htdocs\wordpress\wp-includes\class-wp-hook.php on line 307
[24-Oct-2022 14:39:31 UTC] PHP Warning:  include(E:\xampp\htdocs\wordpress/wp-content/themes/amisincludes/enqueue.php): failed to open stream: No such file or directory in E:\xampp\htdocs\wordpress\wp-content\themes\amis\functions.php on line 7
[24-Oct-2022 14:39:31 UTC] PHP Warning:  include(): Failed opening 'E:\xampp\htdocs\wordpress/wp-content/themes/amisincludes/enqueue.php' for inclusion (include_path='E:\xampp\php\PEAR') in E:\xampp\htdocs\wordpress\wp-content\themes\amis\functions.php on line 7
[24-Oct-2022 14:39:31 UTC] PHP Warning:  include(E:\xampp\htdocs\wordpress/wp-content/themes/amisincludes/enqueue.php): failed to open stream: No such file or directory in E:\xampp\htdocs\wordpress\wp-content\themes\amis\functions.php on line 7
[24-Oct-2022 14:39:31 UTC] PHP Warning:  include(): Failed opening 'E:\xampp\htdocs\wordpress/wp-content/themes/amisincludes/enqueue.php' for inclusion (include_path='E:\xampp\php\PEAR') in E:\xampp\htdocs\wordpress\wp-content\themes\amis\functions.php on line 7
[24-Oct-2022 14:39:31 UTC] PHP Warning:  call_user_func_array() expects parameter 1 to be a valid callback, function 'amis_enqueue' not found or invalid function name in E:\xampp\htdocs\wordpress\wp-includes\class-wp-hook.php on line 307
[24-Oct-2022 14:39:32 UTC] PHP Warning:  include(E:\xampp\htdocs\wordpress/wp-content/themes/amisincludes/enqueue.php): failed to open stream: No such file or directory in E:\xampp\htdocs\wordpress\wp-content\themes\amis\functions.php on line 7
[24-Oct-2022 14:39:32 UTC] PHP Warning:  include(): Failed opening 'E:\xampp\htdocs\wordpress/wp-content/themes/amisincludes/enqueue.php' for inclusion (include_path='E:\xampp\php\PEAR') in E:\xampp\htdocs\wordpress\wp-content\themes\amis\functions.php on line 7
[24-Oct-2022 14:39:32 UTC] PHP Warning:  call_user_func_array() expects parameter 1 to be a valid callback, function 'amis_enqueue' not found or invalid function name in E:\xampp\htdocs\wordpress\wp-includes\class-wp-hook.php on line 307
[24-Oct-2022 14:39:32 UTC] PHP Warning:  call_user_func_array() expects parameter 1 to be a valid callback, function 'amis_enqueue' not found or invalid function name in E:\xampp\htdocs\wordpress\wp-includes\class-wp-hook.php on line 307
[24-Oct-2022 14:39:32 UTC] PHP Warning:  include(E:\xampp\htdocs\wordpress/wp-content/themes/amisincludes/enqueue.php): failed to open stream: No such file or directory in E:\xampp\htdocs\wordpress\wp-content\themes\amis\functions.php on line 7
[24-Oct-2022 14:39:32 UTC] PHP Warning:  include(): Failed opening 'E:\xampp\htdocs\wordpress/wp-content/themes/amisincludes/enqueue.php' for inclusion (include_path='E:\xampp\php\PEAR') in E:\xampp\htdocs\wordpress\wp-content\themes\amis\functions.php on line 7
[24-Oct-2022 14:39:32 UTC] PHP Warning:  include(E:\xampp\htdocs\wordpress/wp-content/themes/amisincludes/enqueue.php): failed to open stream: No such file or directory in E:\xampp\htdocs\wordpress\wp-content\themes\amis\functions.php on line 7
[24-Oct-2022 14:39:32 UTC] PHP Warning:  include(): Failed opening 'E:\xampp\htdocs\wordpress/wp-content/themes/amisincludes/enqueue.php' for inclusion (include_path='E:\xampp\php\PEAR') in E:\xampp\htdocs\wordpress\wp-content\themes\amis\functions.php on line 7
[24-Oct-2022 14:39:32 UTC] PHP Warning:  include(E:\xampp\htdocs\wordpress/wp-content/themes/amisincludes/enqueue.php): failed to open stream: No such file or directory in E:\xampp\htdocs\wordpress\wp-content\themes\amis\functions.php on line 7
[24-Oct-2022 14:39:32 UTC] PHP Warning:  include(): Failed opening 'E:\xampp\htdocs\wordpress/wp-content/themes/amisincludes/enqueue.php' for inclusion (include_path='E:\xampp\php\PEAR') in E:\xampp\htdocs\wordpress\wp-content\themes\amis\functions.php on line 7
[24-Oct-2022 14:39:32 UTC] PHP Warning:  call_user_func_array() expects parameter 1 to be a valid callback, function 'amis_enqueue' not found or invalid function name in E:\xampp\htdocs\wordpress\wp-includes\class-wp-hook.php on line 307
[24-Oct-2022 14:39:32 UTC] PHP Warning:  call_user_func_array() expects parameter 1 to be a valid callback, function 'amis_enqueue' not found or invalid function name in E:\xampp\htdocs\wordpress\wp-includes\class-wp-hook.php on line 307
[24-Oct-2022 14:39:32 UTC] PHP Warning:  include(E:\xampp\htdocs\wordpress/wp-content/themes/amisincludes/enqueue.php): failed to open stream: No such file or directory in E:\xampp\htdocs\wordpress\wp-content\themes\amis\functions.php on line 7
[24-Oct-2022 14:39:32 UTC] PHP Warning:  include(): Failed opening 'E:\xampp\htdocs\wordpress/wp-content/themes/amisincludes/enqueue.php' for inclusion (include_path='E:\xampp\php\PEAR') in E:\xampp\htdocs\wordpress\wp-content\themes\amis\functions.php on line 7
[24-Oct-2022 14:39:32 UTC] PHP Warning:  call_user_func_array() expects parameter 1 to be a valid callback, function 'amis_enqueue' not found or invalid function name in E:\xampp\htdocs\wordpress\wp-includes\class-wp-hook.php on line 307
[24-Oct-2022 14:39:32 UTC] PHP Warning:  call_user_func_array() expects parameter 1 to be a valid callback, function 'amis_enqueue' not found or invalid function name in E:\xampp\htdocs\wordpress\wp-includes\class-wp-hook.php on line 307
[24-Oct-2022 14:39:32 UTC] PHP Warning:  include(E:\xampp\htdocs\wordpress/wp-content/themes/amisincludes/enqueue.php): failed to open stream: No such file or directory in E:\xampp\htdocs\wordpress\wp-content\themes\amis\functions.php on line 7
[24-Oct-2022 14:39:32 UTC] PHP Warning:  include(): Failed opening 'E:\xampp\htdocs\wordpress/wp-content/themes/amisincludes/enqueue.php' for inclusion (include_path='E:\xampp\php\PEAR') in E:\xampp\htdocs\wordpress\wp-content\themes\amis\functions.php on line 7
[24-Oct-2022 14:39:32 UTC] PHP Warning:  call_user_func_array() expects parameter 1 to be a valid callback, function 'amis_enqueue' not found or invalid function name in E:\xampp\htdocs\wordpress\wp-includes\class-wp-hook.php on line 307
[24-Oct-2022 14:39:32 UTC] PHP Warning:  include(E:\xampp\htdocs\wordpress/wp-content/themes/amisincludes/enqueue.php): failed to open stream: No such file or directory in E:\xampp\htdocs\wordpress\wp-content\themes\amis\functions.php on line 7
[24-Oct-2022 14:39:32 UTC] PHP Warning:  include(): Failed opening 'E:\xampp\htdocs\wordpress/wp-content/themes/amisincludes/enqueue.php' for inclusion (include_path='E:\xampp\php\PEAR') in E:\xampp\htdocs\wordpress\wp-content\themes\amis\functions.php on line 7
[24-Oct-2022 14:39:33 UTC] PHP Warning:  include(E:\xampp\htdocs\wordpress/wp-content/themes/amisincludes/enqueue.php): failed to open stream: No such file or directory in E:\xampp\htdocs\wordpress\wp-content\themes\amis\functions.php on line 7
[24-Oct-2022 14:39:33 UTC] PHP Warning:  include(): Failed opening 'E:\xampp\htdocs\wordpress/wp-content/themes/amisincludes/enqueue.php' for inclusion (include_path='E:\xampp\php\PEAR') in E:\xampp\htdocs\wordpress\wp-content\themes\amis\functions.php on line 7
[24-Oct-2022 14:39:33 UTC] PHP Warning:  call_user_func_array() expects parameter 1 to be a valid callback, function 'amis_enqueue' not found or invalid function name in E:\xampp\htdocs\wordpress\wp-includes\class-wp-hook.php on line 307
[24-Oct-2022 14:39:33 UTC] PHP Warning:  include(E:\xampp\htdocs\wordpress/wp-content/themes/amisincludes/enqueue.php): failed to open stream: No such file or directory in E:\xampp\htdocs\wordpress\wp-content\themes\amis\functions.php on line 7
[24-Oct-2022 14:39:33 UTC] PHP Warning:  include(): Failed opening 'E:\xampp\htdocs\wordpress/wp-content/themes/amisincludes/enqueue.php' for inclusion (include_path='E:\xampp\php\PEAR') in E:\xampp\htdocs\wordpress\wp-content\themes\amis\functions.php on line 7
[24-Oct-2022 14:39:33 UTC] PHP Warning:  include(E:\xampp\htdocs\wordpress/wp-content/themes/amisincludes/enqueue.php): failed to open stream: No such file or directory in E:\xampp\htdocs\wordpress\wp-content\themes\amis\functions.php on line 7
[24-Oct-2022 14:39:33 UTC] PHP Warning:  include(): Failed opening 'E:\xampp\htdocs\wordpress/wp-content/themes/amisincludes/enqueue.php' for inclusion (include_path='E:\xampp\php\PEAR') in E:\xampp\htdocs\wordpress\wp-content\themes\amis\functions.php on line 7
[24-Oct-2022 14:39:33 UTC] PHP Warning:  call_user_func_array() expects parameter 1 to be a valid callback, function 'amis_enqueue' not found or invalid function name in E:\xampp\htdocs\wordpress\wp-includes\class-wp-hook.php on line 307
[24-Oct-2022 14:39:33 UTC] PHP Warning:  include(E:\xampp\htdocs\wordpress/wp-content/themes/amisincludes/enqueue.php): failed to open stream: No such file or directory in E:\xampp\htdocs\wordpress\wp-content\themes\amis\functions.php on line 7
[24-Oct-2022 14:39:33 UTC] PHP Warning:  include(): Failed opening 'E:\xampp\htdocs\wordpress/wp-content/themes/amisincludes/enqueue.php' for inclusion (include_path='E:\xampp\php\PEAR') in E:\xampp\htdocs\wordpress\wp-content\themes\amis\functions.php on line 7
[24-Oct-2022 14:39:33 UTC] PHP Warning:  call_user_func_array() expects parameter 1 to be a valid callback, function 'amis_enqueue' not found or invalid function name in E:\xampp\htdocs\wordpress\wp-includes\class-wp-hook.php on line 307
[24-Oct-2022 14:39:33 UTC] PHP Warning:  call_user_func_array() expects parameter 1 to be a valid callback, function 'amis_enqueue' not found or invalid function name in E:\xampp\htdocs\wordpress\wp-includes\class-wp-hook.php on line 307
[24-Oct-2022 14:39:33 UTC] PHP Warning:  call_user_func_array() expects parameter 1 to be a valid callback, function 'amis_enqueue' not found or invalid function name in E:\xampp\htdocs\wordpress\wp-includes\class-wp-hook.php on line 307
[24-Oct-2022 14:39:33 UTC] PHP Warning:  include(E:\xampp\htdocs\wordpress/wp-content/themes/amisincludes/enqueue.php): failed to open stream: No such file or directory in E:\xampp\htdocs\wordpress\wp-content\themes\amis\functions.php on line 7
[24-Oct-2022 14:39:33 UTC] PHP Warning:  include(): Failed opening 'E:\xampp\htdocs\wordpress/wp-content/themes/amisincludes/enqueue.php' for inclusion (include_path='E:\xampp\php\PEAR') in E:\xampp\htdocs\wordpress\wp-content\themes\amis\functions.php on line 7
[24-Oct-2022 14:39:33 UTC] PHP Warning:  call_user_func_array() expects parameter 1 to be a valid callback, function 'amis_enqueue' not found or invalid function name in E:\xampp\htdocs\wordpress\wp-includes\class-wp-hook.php on line 307
[24-Oct-2022 14:39:33 UTC] PHP Warning:  include(E:\xampp\htdocs\wordpress/wp-content/themes/amisincludes/enqueue.php): failed to open stream: No such file or directory in E:\xampp\htdocs\wordpress\wp-content\themes\amis\functions.php on line 7
[24-Oct-2022 14:39:33 UTC] PHP Warning:  include(): Failed opening 'E:\xampp\htdocs\wordpress/wp-content/themes/amisincludes/enqueue.php' for inclusion (include_path='E:\xampp\php\PEAR') in E:\xampp\htdocs\wordpress\wp-content\themes\amis\functions.php on line 7
[24-Oct-2022 14:39:33 UTC] PHP Warning:  call_user_func_array() expects parameter 1 to be a valid callback, function 'amis_enqueue' not found or invalid function name in E:\xampp\htdocs\wordpress\wp-includes\class-wp-hook.php on line 307
[24-Oct-2022 14:39:33 UTC] PHP Warning:  include(E:\xampp\htdocs\wordpress/wp-content/themes/amisincludes/enqueue.php): failed to open stream: No such file or directory in E:\xampp\htdocs\wordpress\wp-content\themes\amis\functions.php on line 7
[24-Oct-2022 14:39:33 UTC] PHP Warning:  include(): Failed opening 'E:\xampp\htdocs\wordpress/wp-content/themes/amisincludes/enqueue.php' for inclusion (include_path='E:\xampp\php\PEAR') in E:\xampp\htdocs\wordpress\wp-content\themes\amis\functions.php on line 7
[24-Oct-2022 14:39:34 UTC] PHP Warning:  include(E:\xampp\htdocs\wordpress/wp-content/themes/amisincludes/enqueue.php): failed to open stream: No such file or directory in E:\xampp\htdocs\wordpress\wp-content\themes\amis\functions.php on line 7
[24-Oct-2022 14:39:34 UTC] PHP Warning:  include(): Failed opening 'E:\xampp\htdocs\wordpress/wp-content/themes/amisincludes/enqueue.php' for inclusion (include_path='E:\xampp\php\PEAR') in E:\xampp\htdocs\wordpress\wp-content\themes\amis\functions.php on line 7
[24-Oct-2022 14:39:34 UTC] PHP Warning:  include(E:\xampp\htdocs\wordpress/wp-content/themes/amisincludes/enqueue.php): failed to open stream: No such file or directory in E:\xampp\htdocs\wordpress\wp-content\themes\amis\functions.php on line 7
[24-Oct-2022 14:39:34 UTC] PHP Warning:  include(): Failed opening 'E:\xampp\htdocs\wordpress/wp-content/themes/amisincludes/enqueue.php' for inclusion (include_path='E:\xampp\php\PEAR') in E:\xampp\htdocs\wordpress\wp-content\themes\amis\functions.php on line 7
[24-Oct-2022 14:39:34 UTC] PHP Warning:  call_user_func_array() expects parameter 1 to be a valid callback, function 'amis_enqueue' not found or invalid function name in E:\xampp\htdocs\wordpress\wp-includes\class-wp-hook.php on line 307
[24-Oct-2022 14:39:34 UTC] PHP Warning:  call_user_func_array() expects parameter 1 to be a valid callback, function 'amis_enqueue' not found or invalid function name in E:\xampp\htdocs\wordpress\wp-includes\class-wp-hook.php on line 307
[24-Oct-2022 14:39:34 UTC] PHP Warning:  call_user_func_array() expects parameter 1 to be a valid callback, function 'amis_enqueue' not found or invalid function name in E:\xampp\htdocs\wordpress\wp-includes\class-wp-hook.php on line 307
[24-Oct-2022 14:39:34 UTC] PHP Warning:  include(E:\xampp\htdocs\wordpress/wp-content/themes/amisincludes/enqueue.php): failed to open stream: No such file or directory in E:\xampp\htdocs\wordpress\wp-content\themes\amis\functions.php on line 7
[24-Oct-2022 14:39:34 UTC] PHP Warning:  include(): Failed opening 'E:\xampp\htdocs\wordpress/wp-content/themes/amisincludes/enqueue.php' for inclusion (include_path='E:\xampp\php\PEAR') in E:\xampp\htdocs\wordpress\wp-content\themes\amis\functions.php on line 7
[24-Oct-2022 14:39:34 UTC] PHP Warning:  include(E:\xampp\htdocs\wordpress/wp-content/themes/amisincludes/enqueue.php): failed to open stream: No such file or directory in E:\xampp\htdocs\wordpress\wp-content\themes\amis\functions.php on line 7
[24-Oct-2022 14:39:34 UTC] PHP Warning:  include(): Failed opening 'E:\xampp\htdocs\wordpress/wp-content/themes/amisincludes/enqueue.php' for inclusion (include_path='E:\xampp\php\PEAR') in E:\xampp\htdocs\wordpress\wp-content\themes\amis\functions.php on line 7
[24-Oct-2022 14:39:34 UTC] PHP Warning:  call_user_func_array() expects parameter 1 to be a valid callback, function 'amis_enqueue' not found or invalid function name in E:\xampp\htdocs\wordpress\wp-includes\class-wp-hook.php on line 307
[24-Oct-2022 14:39:34 UTC] PHP Warning:  call_user_func_array() expects parameter 1 to be a valid callback, function 'amis_enqueue' not found or invalid function name in E:\xampp\htdocs\wordpress\wp-includes\class-wp-hook.php on line 307
[24-Oct-2022 14:39:34 UTC] PHP Warning:  include(E:\xampp\htdocs\wordpress/wp-content/themes/amisincludes/enqueue.php): failed to open stream: No such file or directory in E:\xampp\htdocs\wordpress\wp-content\themes\amis\functions.php on line 7
[24-Oct-2022 14:39:34 UTC] PHP Warning:  include(): Failed opening 'E:\xampp\htdocs\wordpress/wp-content/themes/amisincludes/enqueue.php' for inclusion (include_path='E:\xampp\php\PEAR') in E:\xampp\htdocs\wordpress\wp-content\themes\amis\functions.php on line 7
[24-Oct-2022 14:39:34 UTC] PHP Warning:  call_user_func_array() expects parameter 1 to be a valid callback, function 'amis_enqueue' not found or invalid function name in E:\xampp\htdocs\wordpress\wp-includes\class-wp-hook.php on line 307
[24-Oct-2022 14:39:34 UTC] PHP Warning:  include(E:\xampp\htdocs\wordpress/wp-content/themes/amisincludes/enqueue.php): failed to open stream: No such file or directory in E:\xampp\htdocs\wordpress\wp-content\themes\amis\functions.php on line 7
[24-Oct-2022 14:39:34 UTC] PHP Warning:  include(): Failed opening 'E:\xampp\htdocs\wordpress/wp-content/themes/amisincludes/enqueue.php' for inclusion (include_path='E:\xampp\php\PEAR') in E:\xampp\htdocs\wordpress\wp-content\themes\amis\functions.php on line 7
[24-Oct-2022 14:39:34 UTC] PHP Warning:  include(E:\xampp\htdocs\wordpress/wp-content/themes/amisincludes/enqueue.php): failed to open stream: No such file or directory in E:\xampp\htdocs\wordpress\wp-content\themes\amis\functions.php on line 7
[24-Oct-2022 14:39:34 UTC] PHP Warning:  include(): Failed opening 'E:\xampp\htdocs\wordpress/wp-content/themes/amisincludes/enqueue.php' for inclusion (include_path='E:\xampp\php\PEAR') in E:\xampp\htdocs\wordpress\wp-content\themes\amis\functions.php on line 7
[24-Oct-2022 14:39:34 UTC] PHP Warning:  include(E:\xampp\htdocs\wordpress/wp-content/themes/amisincludes/enqueue.php): failed to open stream: No such file or directory in E:\xampp\htdocs\wordpress\wp-content\themes\amis\functions.php on line 7
[24-Oct-2022 14:39:34 UTC] PHP Warning:  include(): Failed opening 'E:\xampp\htdocs\wordpress/wp-content/themes/amisincludes/enqueue.php' for inclusion (include_path='E:\xampp\php\PEAR') in E:\xampp\htdocs\wordpress\wp-content\themes\amis\functions.php on line 7
[24-Oct-2022 14:39:34 UTC] PHP Warning:  call_user_func_array() expects parameter 1 to be a valid callback, function 'amis_enqueue' not found or invalid function name in E:\xampp\htdocs\wordpress\wp-includes\class-wp-hook.php on line 307
[24-Oct-2022 14:39:34 UTC] PHP Warning:  call_user_func_array() expects parameter 1 to be a valid callback, function 'amis_enqueue' not found or invalid function name in E:\xampp\htdocs\wordpress\wp-includes\class-wp-hook.php on line 307
[24-Oct-2022 14:39:34 UTC] PHP Warning:  call_user_func_array() expects parameter 1 to be a valid callback, function 'amis_enqueue' not found or invalid function name in E:\xampp\htdocs\wordpress\wp-includes\class-wp-hook.php on line 307
[24-Oct-2022 14:39:34 UTC] PHP Warning:  include(E:\xampp\htdocs\wordpress/wp-content/themes/amisincludes/enqueue.php): failed to open stream: No such file or directory in E:\xampp\htdocs\wordpress\wp-content\themes\amis\functions.php on line 7
[24-Oct-2022 14:39:34 UTC] PHP Warning:  include(): Failed opening 'E:\xampp\htdocs\wordpress/wp-content/themes/amisincludes/enqueue.php' for inclusion (include_path='E:\xampp\php\PEAR') in E:\xampp\htdocs\wordpress\wp-content\themes\amis\functions.php on line 7
[24-Oct-2022 14:39:34 UTC] PHP Warning:  call_user_func_array() expects parameter 1 to be a valid callback, function 'amis_enqueue' not found or invalid function name in E:\xampp\htdocs\wordpress\wp-includes\class-wp-hook.php on line 307
[24-Oct-2022 15:58:52 UTC] PHP Warning:  An unexpected error occurred. Something may be wrong with WordPress.org or this server&#8217;s configuration. If you continue to have problems, please try the <a href="https://wordpress.org/support/forums/">support forums</a>. (WordPress could not establish a secure connection to WordPress.org. Please contact your server administrator.) in E:\xampp\htdocs\wordpress\wp-includes\update.php on line 690
[24-Oct-2022 16:03:39 UTC] PHP Notice:  Trying to get property 'title' of non-object in E:\xampp\htdocs\wordpress\wp-includes\class-wp-customize-nav-menus.php on line 523
[24-Oct-2022 16:03:39 UTC] PHP Notice:  Trying to get property 'title' of non-object in E:\xampp\htdocs\wordpress\wp-includes\class-wp-customize-widgets.php on line 899
[24-Oct-2022 16:03:39 UTC] PHP Notice:  Trying to get property 'title' of non-object in E:\xampp\htdocs\wordpress\wp-includes\class-wp-customize-nav-menus.php on line 1152
[24-Oct-2022 16:04:17 UTC] PHP Notice:  Trying to get property 'title' of non-object in E:\xampp\htdocs\wordpress\wp-includes\class-wp-customize-nav-menus.php on line 523
[24-Oct-2022 16:04:17 UTC] PHP Notice:  Trying to get property 'title' of non-object in E:\xampp\htdocs\wordpress\wp-includes\class-wp-customize-widgets.php on line 899
[24-Oct-2022 16:04:17 UTC] PHP Notice:  Trying to get property 'title' of non-object in E:\xampp\htdocs\wordpress\wp-includes\class-wp-customize-nav-menus.php on line 1152
[24-Oct-2022 16:14:55 UTC] PHP Notice:  Trying to get property 'title' of non-object in E:\xampp\htdocs\wordpress\wp-includes\class-wp-customize-nav-menus.php on line 523
[24-Oct-2022 16:14:55 UTC] PHP Notice:  Trying to get property 'title' of non-object in E:\xampp\htdocs\wordpress\wp-includes\class-wp-customize-widgets.php on line 899
[24-Oct-2022 16:14:55 UTC] PHP Notice:  Trying to get property 'title' of non-object in E:\xampp\htdocs\wordpress\wp-includes\class-wp-customize-nav-menus.php on line 1152
